<?xml version='1.0' encoding='UTF-8'?>
<result plugin="junit@1.6">
  <suites>
    <suite>
      <file>C:\Users\I310911\perforce\testWRKSPC\mavenTest\target\surefire-reports\TEST-app.maths.BasesTest.xml</file>
      <name>app.maths.BasesTest</name>
      <duration>0.010000001</duration>
      <cases>
        <case>
          <duration>0.008</duration>
          <className>app.maths.BasesTest</className>
          <testName>testAdd[0]</testName>
          <skipped>false</skipped>
          <failedSince>0</failedSince>
        </case>
        <case>
          <duration>0.0</duration>
          <className>app.maths.BasesTest</className>
          <testName>testAdd[1]</testName>
          <skipped>false</skipped>
          <failedSince>0</failedSince>
        </case>
        <case>
          <duration>0.002</duration>
          <className>app.maths.BasesTest</className>
          <testName>testAdd[2]</testName>
          <skipped>false</skipped>
          <failedSince>0</failedSince>
        </case>
        <case>
          <duration>0.0</duration>
          <className>app.maths.BasesTest</className>
          <testName>testAdd[3]</testName>
          <skipped>false</skipped>
          <failedSince>0</failedSince>
        </case>
      </cases>
    </suite>
    <suite>
      <file>C:\Users\I310911\perforce\testWRKSPC\mavenTest\target\surefire-reports\TEST-app.net.ConnectionTestTest.xml</file>
      <name>app.net.ConnectionTestTest</name>
      <duration>0.0</duration>
      <cases>
        <case>
          <duration>0.0</duration>
          <className>app.net.ConnectionTestTest</className>
          <testName>testGoogleConnection</testName>
          <skipped>false</skipped>
          <failedSince>0</failedSince>
        </case>
        <case>
          <duration>0.0</duration>
          <className>app.net.ConnectionTestTest</className>
          <testName>testSendRequest</testName>
          <skipped>false</skipped>
          <failedSince>0</failedSince>
        </case>
      </cases>
    </suite>
    <suite>
      <file>C:\Users\I310911\perforce\testWRKSPC\mavenTest\target\surefire-reports\TEST-app.printing.InFileTest.xml</file>
      <name>app.printing.InFileTest</name>
      <duration>0.498</duration>
      <cases>
        <case>
          <duration>0.002</duration>
          <className>app.printing.InFileTest</className>
          <testName>betterTestDivisionByZero</testName>
          <skipped>false</skipped>
          <failedSince>0</failedSince>
        </case>
        <case>
          <duration>0.003</duration>
          <className>app.printing.InFileTest</className>
          <testName>method</testName>
          <skipped>true</skipped>
          <failedSince>1</failedSince>
        </case>
        <case>
          <duration>0.0</duration>
          <className>app.printing.InFileTest</className>
          <testName>testDivisionByZero</testName>
          <skipped>false</skipped>
          <failedSince>0</failedSince>
        </case>
        <case>
          <duration>0.493</duration>
          <className>app.printing.InFileTest</className>
          <testName>testWait</testName>
          <skipped>false</skipped>
          <failedSince>0</failedSince>
        </case>
        <case>
          <duration>0.0</duration>
          <className>app.printing.InFileTest</className>
          <testName>testWriteString</testName>
          <skipped>false</skipped>
          <failedSince>0</failedSince>
        </case>
      </cases>
    </suite>
  </suites>
  <duration>0.508</duration>
  <keepLongStdio>false</keepLongStdio>
</result>