<?xml version="1.0" encoding="UTF-8" ?>
<testsuite tests="2" failures="0" name="app.net.ConnectionTestTest" time="0.001" errors="0" skipped="0">
  <properties>
    <property name="PROCESSOR_ARCHITECTURE" value="AMD64"/>
    <property name="file.encoding.pkg" value="sun.io"/>
    <property name="MAVEN_CMD_LINE_ARGS" value="-Djetty.port=55550 -Dmaven.ext.class.path=&quot;C:\Program Files\NetBeans 8.0.2\java\maven-nblib\netbeans-eventspy.jar&quot; -Dfile.encoding=UTF-8 hpi:run"/>
    <property name="user.language.format" value="fr"/>
    <property name="LOGONSERVER" value="\\DS2WDF0009"/>
    <property name="ProgramData" value="C:\ProgramData"/>
    <property name="java.home" value="C:\Program Files\Java\jdk1.8.0_40\jre"/>
    <property name="NODE_NAME" value="master"/>
    <property name="JENKINS_URL" value="http://localhost:5555/jenkins/"/>
    <property name="VS110COMNTOOLS" value="C:\Program Files (x86)\Microsoft Visual Studio 11.0\Common7\Tools\"/>
    <property name="ALLUSERSPROFILE" value="C:\ProgramData"/>
    <property name="java.endorsed.dirs" value="C:\Program Files\Java\jdk1.8.0_40\jre\lib\endorsed"/>
    <property name="PSModulePath" value="C:\WINDOWS\system32\WindowsPowerShell\v1.0\Modules\"/>
    <property name="=::" value="::\"/>
    <property name="SNC_LIB_64" value="C:\Program Files\SAP\FrontEnd\SecureLogin\lib\sapcrypto.dll"/>
    <property name="USERDOMAIN" value="GLOBAL"/>
    <property name="sun.os.patch.level" value=""/>
    <property name="java.vendor.url" value="http://java.oracle.com/"/>
    <property name="CommonProgramFiles(x86)" value="C:\Program Files (x86)\Common Files"/>
    <property name="java.version" value="1.8.0_40"/>
    <property name="JOB_NAME" value="ve1_passedProj"/>
    <property name="COMPUTERNAME" value="LVLN32405751A"/>
    <property name="java.vendor.url.bug" value="http://bugreport.sun.com/bugreport/"/>
    <property name="SNC_LIB" value="C:\Program Files (x86)\SAP\FrontEnd\SecureLogin\lib\sapcrypto.dll"/>
    <property name="PUBLIC" value="C:\Users\Public"/>
    <property name="VS120COMNTOOLS" value="C:\Program Files (x86)\Microsoft Visual Studio 12.0\Common7\Tools\"/>
    <property name="user.name" value="I310911"/>
    <property name="homeloc" value="LVL"/>
    <property name="sun.io.unicode.encoding" value="UnicodeLittle"/>
    <property name="PRODPASSACCESS_DIR" value="c:\credential\prodpassaccess-2.9\bin"/>
    <property name="sun.jnu.encoding" value="Cp1252"/>
    <property name="java.runtime.name" value="Java(TM) SE Runtime Environment"/>
    <property name="windir" value="C:\WINDOWS"/>
    <property name="PROCESSOR_IDENTIFIER" value="Intel64 Family 6 Model 60 Stepping 3, GenuineIntel"/>
    <property name="CYGWIN" value="tty"/>
    <property name="java.specification.name" value="Java Platform API Specification"/>
    <property name="LOCALAPPDATA" value="C:\Users\I310911\AppData\Local"/>
    <property name="user.timezone" value="Europe/Paris"/>
    <property name="user.script" value=""/>
    <property name="path.separator" value=";"/>
    <property name="NUMBER_OF_PROCESSORS" value="4"/>
    <property name="BUILD_TAG" value="jenkins-ve1_passedProj-201"/>
    <property name="CLASSWORLDS_JAR" value="&quot;C:\Program Files\NetBeans 8.0.2\java\maven\boot\plexus-classworlds-2.4.jar&quot;"/>
    <property name="file.encoding" value="Cp1252"/>
    <property name="sun.java.command" value="jenkins.maven3.agent.Maven32Main C:\apache-maven-3.2.5 C:\Users\I310911\perforce\testWRKSPC\testPlugin\viewer\target\work\webapp\WEB-INF\lib\remoting-2.47.jar C:\Users\I310911\perforce\testWRKSPC\testPlugin\viewer\.\work\plugins\maven-plugin\WEB-INF\lib\maven32-interceptor-1.6.jar C:\Users\I310911\perforce\testWRKSPC\testPlugin\viewer\.\work\plugins\maven-plugin\WEB-INF\lib\maven3-interceptor-commons-1.6.jar 8035"/>
    <property name="HUDSON_URL" value="http://localhost:5555/jenkins/"/>
    <property name="JENKINS_SERVER_COOKIE" value="0c9f6bb68ccfb54c"/>
    <property name="EXECUTOR_NUMBER" value="0"/>
    <property name="Path" value="C:\Program Files\Java\jdk1.8.0_40/bin;C:\ProgramData\Oracle\Java\javapath;C:\Program Files\Java\jdk1.8.0_40\bin;C:\WINDOWS\system32;C:\WINDOWS;C:\WINDOWS\System32\Wbem;C:\WINDOWS\System32\WindowsPowerShell\v1.0\;C:\Windows\CCM;C:\Program Files\Perforce;C:\Strawberry\c\bin;C:\Strawberry\perl\site\bin;C:\Strawberry\perl\bin;C:\apache-maven-3.2.5\bin;C:\WINDOWS\System32\WindowsPowerShell\v1.0;C:\WINDOWS\System32\WindowsPowerShell\v1.0;C:\WINDOWS\System32\WindowsPowerShell\v1.0;C:\WINDOWS\System32\WindowsPowerShell\v1.0;C:\Program Files\Microsoft SQL Server\110\Tools\Binn\;C:\Program Files\Microsoft SQL Server\120\Tools\Binn\;C:\Program Files (x86)\Windows Kits\8.1\Windows Performance Toolkit\;C:\Program Files (x86)\Microsoft SDKs\TypeScript\1.0\;C:\Program Files\TortoiseSVN\bin;C:\Program Files (x86)\VisualSVN\bin;C:\Program Files (x86)\Git\cmd;C:\Program Files (x86)\OpenSSH\bin;C:\WINDOWS\System32\WindowsPowerShell\v1.0;C:\Program Files (x86)\Skype\Phone\;C:\WINDOWS\System32\WindowsPowerShell\v1.0;C:\WINDOWS\System32\WindowsPowerShell\v1.0;C:\WINDOWS\System32\WindowsPowerShell\v1.0;C:\Program Files\MiKTeX 2.9\miktex\bin\x64\;C:\Program Files (x86)\Calibre2\;C:\Users\I310911\AppData\Roaming\MiKTeX\2.9\miktex\bin\x64\"/>
    <property name="NB_EXEC_MAVEN_PROCESS_UUID" value="9d0e661b-91f7-4df9-8444-cc0a9b96e38e"/>
    <property name="java.io.tmpdir" value="C:\Users\I310911\AppData\Local\Temp\"/>
    <property name="APPDATA" value="C:\Users\I310911\AppData\Roaming"/>
    <property name="DEFLOGDIR" value="C:\ProgramData\McAfee\DesktopProtection"/>
    <property name="user.language" value="en"/>
    <property name="line.separator" value="
"/>
    <property name="BUILD_URL" value="http://localhost:5555/jenkins/job/ve1_passedProj/201/"/>
    <property name="M2_HOME" value="C:\apache-maven-3.2.5"/>
    <property name="=C:" value="C:\Users\I310911\perforce\testWRKSPC\testPlugin\viewer"/>
    <property name="ERROR_CODE" value="0"/>
    <property name="java.vm.info" value="mixed mode"/>
    <property name="sun.desktop" value="windows"/>
    <property name="java.vm.specification.name" value="Java Virtual Machine Specification"/>
    <property name="BUILD_DISPLAY_NAME" value="#201"/>
    <property name="OS" value="Windows_NT"/>
    <property name="guice.disable.misplaced.annotation.check" value="true"/>
    <property name="HUDSON_SERVER_COOKIE" value="0c9f6bb68ccfb54c"/>
    <property name="MAVEN_HOME" value="C:\apache-maven-3.2.5"/>
    <property name="SESSIONNAME" value="Console"/>
    <property name="PATHEXT" value=".COM;.EXE;.BAT;.CMD;.VBS;.VBE;.JS;.JSE;.WSF;.WSH;.MSC"/>
    <property name="java.awt.printerjob" value="sun.awt.windows.WPrinterJob"/>
    <property name="maven3.interceptor.common" value="C:\Users\I310911\perforce\testWRKSPC\testPlugin\viewer\.\work\plugins\maven-plugin\WEB-INF\lib\maven3-interceptor-commons-1.6.jar"/>
    <property name="CLASSPATH" value=""/>
    <property name="user.country.format" value="FR"/>
    <property name="HOMEPATH" value="\Users\I310911"/>
    <property name="PRODPASSACCESS" value="salut"/>
    <property name="os.name" value="Windows 8.1"/>
    <property name="java.specification.vendor" value="Oracle Corporation"/>
    <property name="FP_NO_HOST_CHECK" value="NO"/>
    <property name="java.vm.name" value="Java HotSpot(TM) 64-Bit Server VM"/>
    <property name="BUILD_NUMBER" value="201"/>
    <property name="maven3.interceptor" value="C:\Users\I310911\perforce\testWRKSPC\testPlugin\viewer\.\work\plugins\maven-plugin\WEB-INF\lib\maven32-interceptor-1.6.jar"/>
    <property name="java.library.path" value="C:\Program Files\Java\jdk1.8.0_40\bin;C:\WINDOWS\Sun\Java\bin;C:\WINDOWS\system32;C:\WINDOWS;C:\apache-maven-3.2.5/bin;C:\Program Files\Java\jdk1.8.0_40/bin;C:\Program Files\Java\jdk1.8.0_40/bin;C:\ProgramData\Oracle\Java\javapath;C:\Program Files\Java\jdk1.8.0_40\bin;C:\WINDOWS\system32;C:\WINDOWS;C:\WINDOWS\System32\Wbem;C:\WINDOWS\System32\WindowsPowerShell\v1.0\;C:\Windows\CCM;C:\Program Files\Perforce;C:\Strawberry\c\bin;C:\Strawberry\perl\site\bin;C:\Strawberry\perl\bin;C:\apache-maven-3.2.5\bin;C:\WINDOWS\System32\WindowsPowerShell\v1.0;C:\WINDOWS\System32\WindowsPowerShell\v1.0;C:\WINDOWS\System32\WindowsPowerShell\v1.0;C:\WINDOWS\System32\WindowsPowerShell\v1.0;C:\Program Files\Microsoft SQL Server\110\Tools\Binn\;C:\Program Files\Microsoft SQL Server\120\Tools\Binn\;C:\Program Files (x86)\Windows Kits\8.1\Windows Performance Toolkit\;C:\Program Files (x86)\Microsoft SDKs\TypeScript\1.0\;C:\Program Files\TortoiseSVN\bin;C:\Program Files (x86)\VisualSVN\bin;C:\Program Files (x86)\Git\cmd;C:\Program Files (x86)\OpenSSH\bin;C:\WINDOWS\System32\WindowsPowerShell\v1.0;C:\Program Files (x86)\Skype\Phone\;C:\WINDOWS\System32\WindowsPowerShell\v1.0;C:\WINDOWS\System32\WindowsPowerShell\v1.0;C:\WINDOWS\System32\WindowsPowerShell\v1.0;C:\Program Files\MiKTeX 2.9\miktex\bin\x64\;C:\Program Files (x86)\Calibre2\;C:\Users\I310911\AppData\Roaming\MiKTeX\2.9\miktex\bin\x64\;."/>
    <property name="HOMEDRIVE" value="C:"/>
    <property name="VBOX_INSTALL_PATH" value="C:\Program Files\Oracle\VirtualBox\"/>
    <property name="POM_GROUPID" value="utilitaires"/>
    <property name="POM_ARTIFACTID" value="mavenTest.artifactid"/>
    <property name="java.class.version" value="52.0"/>
    <property name="JOB_URL" value="http://localhost:5555/jenkins/job/ve1_passedProj/"/>
    <property name="SSF_LIBRARY_PATH" value="C:\Program Files (x86)\SAP\FrontEnd\SecureLogin\lib\sapcrypto.dll"/>
    <property name="JENKINS_HOME" value="C:\Users\I310911\perforce\testWRKSPC\testPlugin\viewer\.\work"/>
    <property name="BUILD_ID" value="2015-08-19_17-47-00"/>
    <property name="TEMP" value="C:\Users\I310911\AppData\Local\Temp"/>
    <property name="sun.boot.library.path" value="C:\Program Files\Java\jdk1.8.0_40\jre\bin"/>
    <property name="sun.management.compiler" value="HotSpot 64-Bit Tiered Compilers"/>
    <property name="java.awt.graphicsenv" value="sun.awt.Win32GraphicsEnvironment"/>
    <property name="user.variant" value=""/>
    <property name="PROCESSOR_REVISION" value="3c03"/>
    <property name="POM_VERSION" value="0.0.1-SNAPSHOT"/>
    <property name="VSEDEFLOGDIR" value="C:\ProgramData\McAfee\DesktopProtection"/>
    <property name="HUDSON_HOME" value="C:\Users\I310911\perforce\testWRKSPC\testPlugin\viewer\.\work"/>
    <property name="ProgramFiles(x86)" value="C:\Program Files (x86)"/>
    <property name="PATH+MAVEN" value="C:\apache-maven-3.2.5/bin"/>
    <property name="USERDOMAIN_ROAMINGPROFILE" value="GLOBAL"/>
    <property name="PROMPT" value="$P$G"/>
    <property name="java.vm.specification.version" value="1.8"/>
    <property name="JAVA_HOME" value="C:\Program Files\Java\jdk1.8.0_40"/>
    <property name="awt.toolkit" value="sun.awt.windows.WToolkit"/>
    <property name="NODE_LABELS" value="master"/>
    <property name="sun.cpu.isalist" value="amd64"/>
    <property name="SAP_IPv6_Active" value="1"/>
    <property name="USERPROFILE" value="C:\Users\I310911"/>
    <property name="java.ext.dirs" value="C:\Program Files\Java\jdk1.8.0_40\jre\lib\ext;C:\WINDOWS\Sun\Java\lib\ext"/>
    <property name="os.version" value="6.3"/>
    <property name="user.home" value="C:\Users\I310911"/>
    <property name="USERNAME" value="I310911"/>
    <property name="java.vm.vendor" value="Oracle Corporation"/>
    <property name="PROCESSOR_LEVEL" value="6"/>
    <property name="USERDNSDOMAIN" value="GLOBAL.CORP.SAP"/>
    <property name="CommonProgramW6432" value="C:\Program Files\Common Files"/>
    <property name="user.dir" value="C:\Users\I310911\perforce\testWRKSPC\mavenTest"/>
    <property name="CLASSWORLDS_LAUNCHER" value="org.codehaus.plexus.classworlds.launcher.Launcher"/>
    <property name="ProgramW6432" value="C:\Program Files"/>
    <property name="TMP" value="C:\Users\I310911\AppData\Local\Temp"/>
    <property name="UATDATA" value="C:\Windows\CCM\UATData\D9F8C395-CAB8-491d-B8AC-179A1FE1BE77"/>
    <property name="SSF_LIBRARY_PATH_64" value="C:\Program Files\SAP\FrontEnd\SecureLogin\lib\sapcrypto.dll"/>
    <property name="sun.cpu.endian" value="little"/>
    <property name="SystemDrive" value="C:"/>
    <property name="java.vm.version" value="25.40-b25"/>
    <property name="java.class.path" value="C:\Users\I310911\perforce\testWRKSPC\testPlugin\viewer\.\work\plugins\maven-plugin\WEB-INF\lib\maven32-agent-1.6.jar;C:\apache-maven-3.2.5\boot\plexus-classworlds-2.5.2.jar;C:\apache-maven-3.2.5/conf/logging"/>
    <property name="org.slf4j.simpleLogger.defaultLogLevel" value="info"/>
    <property name="MAVEN_JAVA_EXE" value="&quot;C:\Program Files\Java\jdk1.8.0_40\bin\java.exe&quot;"/>
    <property name="os.arch" value="amd64"/>
    <property name="WORKSPACE" value="C:\Users\I310911\perforce\testWRKSPC\testPlugin\viewer\work\workspace\ve1_passedProj"/>
    <property name="ComSpec" value="C:\WINDOWS\system32\cmd.exe"/>
    <property name="ssh" value="&quot;C:\Program Files (x86)\OpenSSH\bin\&quot;"/>
    <property name="sun.java.launcher" value="SUN_STANDARD"/>
    <property name="SystemRoot" value="C:\WINDOWS"/>
    <property name="CommonProgramFiles" value="C:\Program Files\Common Files"/>
    <property name="java.vm.specification.vendor" value="Oracle Corporation"/>
    <property name="file.separator" value="\"/>
    <property name="java.runtime.version" value="1.8.0_40-b25"/>
    <property name="ProgramFiles" value="C:\Program Files"/>
    <property name="sun.boot.class.path" value="C:\Program Files\Java\jdk1.8.0_40\jre\lib\resources.jar;C:\Program Files\Java\jdk1.8.0_40\jre\lib\rt.jar;C:\Program Files\Java\jdk1.8.0_40\jre\lib\sunrsasign.jar;C:\Program Files\Java\jdk1.8.0_40\jre\lib\jsse.jar;C:\Program Files\Java\jdk1.8.0_40\jre\lib\jce.jar;C:\Program Files\Java\jdk1.8.0_40\jre\lib\charsets.jar;C:\Program Files\Java\jdk1.8.0_40\jre\lib\jfr.jar;C:\Program Files\Java\jdk1.8.0_40\jre\classes"/>
    <property name="PATH+JDK" value="C:\Program Files\Java\jdk1.8.0_40/bin"/>
    <property name="user.country" value="US"/>
    <property name="POM_PACKAGING" value="jar"/>
    <property name="netbeansProjectMappings" value=""/>
    <property name="maven.home" value="C:\apache-maven-3.2.5"/>
    <property name="HOME" value="C:\WINDOWS\system32\config\systemprofile"/>
    <property name="java.vendor" value="Oracle Corporation"/>
    <property name="POM_DISPLAYNAME" value="name.pierre.taquet"/>
    <property name="java.specification.version" value="1.8"/>
    <property name="sun.arch.data.model" value="64"/>
  </properties>
  <testcase classname="app.net.ConnectionTestTest" name="testGoogleConnection" time="0.001"/>
  <testcase classname="app.net.ConnectionTestTest" name="testSendRequest" time="0"/>
</testsuite>